0 info it worked if it ends with ok
1 verbose cli [ '/usr/bin/nodejs', '/usr/bin/npm', 'run', 'build' ]
2 info using npm@3.5.2
3 info using node@v4.2.6
4 verbose run-script [ 'prebuild', 'build', 'postbuild' ]
5 info lifecycle web@0.1.0~prebuild: web@0.1.0
6 silly lifecycle web@0.1.0~prebuild: no script for prebuild, continuing
7 info lifecycle web@0.1.0~build: web@0.1.0
8 verbose lifecycle web@0.1.0~build: unsafe-perm in lifecycle true
9 verbose lifecycle web@0.1.0~build: PATH: /usr/share/npm/bin/node-gyp-bin:/home/charles/rust_projects/server/frontend/node_modules/.bin:/home/charles/.cargo/bin:/home/charles/.cargo/bin:/home/charles/bin:/home/charles/.local/bin:/usr/local/sbin:/usr/local/bin:/usr/sbin:/usr/bin:/sbin:/bin:/usr/games:/usr/local/games:/snap/bin
10 verbose lifecycle web@0.1.0~build: CWD: /home/charles/rust_projects/server/frontend
11 silly lifecycle web@0.1.0~build: Args: [ '-c', 'react-scripts-ts build' ]
12 info lifecycle web@0.1.0~build: Failed to exec build script
13 verbose stack Error: web@0.1.0 build: `react-scripts-ts build`
13 verbose stack spawn ENOENT
13 verbose stack     at ChildProcess.<anonymous> (/usr/share/npm/lib/utils/spawn.js:17:16)
13 verbose stack     at emitTwo (events.js:87:13)
13 verbose stack     at ChildProcess.emit (events.js:172:7)
13 verbose stack     at maybeClose (internal/child_process.js:821:16)
13 verbose stack     at Process.ChildProcess._handle.onexit (internal/child_process.js:211:5)
14 verbose pkgid web@0.1.0
15 verbose cwd /home/charles/rust_projects/server/frontend
16 error Linux 4.13.0-39-generic
17 error argv "/usr/bin/nodejs" "/usr/bin/npm" "run" "build"
18 error node v4.2.6
19 error npm  v3.5.2
20 error file sh
21 error code ELIFECYCLE
22 error errno ENOENT
23 error syscall spawn
24 error web@0.1.0 build: `react-scripts-ts build`
24 error spawn ENOENT
25 error Failed at the web@0.1.0 build script 'react-scripts-ts build'.
25 error Make sure you have the latest version of node.js and npm installed.
25 error If you do, this is most likely a problem with the web package,
25 error not with npm itself.
25 error Tell the author that this fails on your system:
25 error     react-scripts-ts build
25 error You can get information on how to open an issue for this project with:
25 error     npm bugs web
25 error Or if that isn't available, you can get their info via:
25 error     npm owner ls web
25 error There is likely additional logging output above.
26 verbose exit [ 1, true ]
